#
# There is insufficient memory for the Java Runtime Environment to continue.
# Native memory allocation (malloc) failed to allocate 194320 bytes for Chunk::new
# Possible reasons:
#   The system is out of physical RAM or swap space
#   The process is running with CompressedOops enabled, and the Java Heap may be blocking the growth of the native heap
# Possible solutions:
#   Reduce memory load on the system
#   Increase physical memory or swap space
#   Check if swap backing store is full
#   Decrease Java heap size (-Xmx/-Xms)
#   Decrease number of Java threads
#   Decrease Java thread stack sizes (-Xss)
#   Set larger code cache with -XX:ReservedCodeCacheSize=
#   JVM is running with Unscaled Compressed Oops mode in which the Java heap is
#     placed in the first 4GB address space. The Java Heap base address is the
#     maximum limit for the native heap growth. Please use -XX:HeapBaseMinAddress
#     to set the Java Heap base and to place the Java Heap above 4GB virtual address.
# This output file may be truncated or incomplete.
#
#  Out of Memory Error (arena.cpp:168), pid=72292, tid=69492
#
# JRE version: Java(TM) SE Runtime Environment (21.0.2+13) (build 21.0.2+13-LTS-58)
# Java VM: Java HotSpot(TM) 64-Bit Server VM (21.0.2+13-LTS-58, mixed mode, sharing, tiered, compressed oops, compressed class ptrs, g1 gc, windows-amd64)
# No core dump will be written. Minidumps are not enabled by default on client versions of Windows
#

---------------  S U M M A R Y ------------

Command Line: -javaagent:D:\App\IntelliJ IDEA 2023.3.6\lib\idea_rt.jar=57187:D:\App\IntelliJ IDEA 2023.3.6\bin -Dfile.encoding=UTF-8 -Dsun.stdout.encoding=UTF-8 -Dsun.stderr.encoding=UTF-8 main.Main

Host: AMD Ryzen 5 7535HS with Radeon Graphics        , 12 cores, 7G,  Windows 11 , 64 bit Build 22621 (10.0.22621.3527)
Time: Fri May 24 17:22:09 2024 SE Asia Standard Time elapsed time: 8.050918 seconds (0d 0h 0m 8s)

---------------  T H R E A D  ---------------

Current thread (0x000001f1c0823ee0):  JavaThread "C2 CompilerThread0" daemon [_thread_in_native, id=69492, stack(0x00000098dc600000,0x00000098dc700000) (1024K)]


Current CompileTask:
C2:   8050 1458       4       java.awt.Container::getMouseEventTarget (50 bytes)

Stack: [0x00000098dc600000,0x00000098dc700000]
Native frames: (J=compiled Java code, j=interpreted, Vv=VM code, C=native code)
V  [jvm.dll+0x6cade9]
V  [jvm.dll+0x8569c1]
V  [jvm.dll+0x858d2e]
V  [jvm.dll+0x859413]
V  [jvm.dll+0x280e56]
V  [jvm.dll+0xc3f3d]
V  [jvm.dll+0xc4473]
V  [jvm.dll+0x3b5c2c]
V  [jvm.dll+0x1e2209]
V  [jvm.dll+0x249d22]
V  [jvm.dll+0x2491b1]
V  [jvm.dll+0x1c9634]
V  [jvm.dll+0x258859]
V  [jvm.dll+0x256e3a]
V  [jvm.dll+0x3ef6c6]
V  [jvm.dll+0x7ff568]
V  [jvm.dll+0x6c953d]
C  [ucrtbase.dll+0x29333]
C  [KERNEL32.DLL+0x1257d]
C  [ntdll.dll+0x5aa48]


---------------  P R O C E S S  ---------------

Threads class SMR info:
_java_thread_list=0x000001f211dba0b0, length=18, elements={
0x000001f1c0814210, 0x000001f1c08152e0, 0x000001f1c0818c20, 0x000001f1c0819880,
0x000001f1c081cc40, 0x000001f1c081f380, 0x000001f1c0823ee0, 0x000001f1c0826390,
0x000001f1c07dcb90, 0x000001f1c0b75bc0, 0x000001f1c0b38310, 0x000001f1c0c9ab00,
0x000001f1c0cb3090, 0x000001f1c0cb8e70, 0x000001f2107ac6f0, 0x000001f1a1e714c0,
0x000001f210b6acb0, 0x000001f211b56850
}

Java Threads: ( => current thread )
  0x000001f1c0814210 JavaThread "Reference Handler"          daemon [_thread_blocked, id=72144, stack(0x00000098dc000000,0x00000098dc100000) (1024K)]
  0x000001f1c08152e0 JavaThread "Finalizer"                  daemon [_thread_blocked, id=72088, stack(0x00000098dc100000,0x00000098dc200000) (1024K)]
  0x000001f1c0818c20 JavaThread "Signal Dispatcher"          daemon [_thread_blocked, id=71944, stack(0x00000098dc200000,0x00000098dc300000) (1024K)]
  0x000001f1c0819880 JavaThread "Attach Listener"            daemon [_thread_blocked, id=71688, stack(0x00000098dc300000,0x00000098dc400000) (1024K)]
  0x000001f1c081cc40 JavaThread "Service Thread"             daemon [_thread_blocked, id=70932, stack(0x00000098dc400000,0x00000098dc500000) (1024K)]
  0x000001f1c081f380 JavaThread "Monitor Deflation Thread"   daemon [_thread_blocked, id=60496, stack(0x00000098dc500000,0x00000098dc600000) (1024K)]
=>0x000001f1c0823ee0 JavaThread "C2 CompilerThread0"         daemon [_thread_in_native, id=69492, stack(0x00000098dc600000,0x00000098dc700000) (1024K)]
  0x000001f1c0826390 JavaThread "C1 CompilerThread0"         daemon [_thread_blocked, id=69260, stack(0x00000098dc700000,0x00000098dc800000) (1024K)]
  0x000001f1c07dcb90 JavaThread "Common-Cleaner"             daemon [_thread_blocked, id=63524, stack(0x00000098dc800000,0x00000098dc900000) (1024K)]
  0x000001f1c0b75bc0 JavaThread "Monitor Ctrl-Break"         daemon [_thread_in_native, id=21580, stack(0x00000098dc900000,0x00000098dca00000) (1024K)]
  0x000001f1c0b38310 JavaThread "Notification Thread"        daemon [_thread_blocked, id=68112, stack(0x00000098dca00000,0x00000098dcb00000) (1024K)]
  0x000001f1c0c9ab00 JavaThread "Java2D Disposer"            daemon [_thread_blocked, id=21460, stack(0x00000098dcb00000,0x00000098dcc00000) (1024K)]
  0x000001f1c0cb3090 JavaThread "AWT-Shutdown"                      [_thread_blocked, id=59040, stack(0x00000098dcc00000,0x00000098dcd00000) (1024K)]
  0x000001f1c0cb8e70 JavaThread "AWT-Windows"                daemon [_thread_in_native, id=63432, stack(0x00000098dcd00000,0x00000098dce00000) (1024K)]
  0x000001f2107ac6f0 JavaThread "AWT-EventQueue-0"                  [_thread_blocked, id=72556, stack(0x00000098ddb00000,0x00000098ddc00000) (1024K)]
  0x000001f1a1e714c0 JavaThread "DestroyJavaVM"                     [_thread_blocked, id=37784, stack(0x00000098db800000,0x00000098db900000) (1024K)]
  0x000001f210b6acb0 JavaThread "D3D Screen Updater"         daemon [_thread_blocked, id=8944, stack(0x00000098de000000,0x00000098de100000) (1024K)]
  0x000001f211b56850 JavaThread "TimerQueue"                 daemon [_thread_blocked, id=71488, stack(0x00000098ddc00000,0x00000098ddd00000) (1024K)]
Total: 18

Other Threads:
  0x000001f1c07f5fa0 VMThread "VM Thread"                           [id=71976, stack(0x00000098dbf00000,0x00000098dc000000) (1024K)]
  0x000001f1c07dbe80 WatcherThread "VM Periodic Task Thread"        [id=71868, stack(0x00000098dbe00000,0x00000098dbf00000) (1024K)]
  0x000001f1a1ec50b0 WorkerThread "GC Thread#0"                     [id=67568, stack(0x00000098db900000,0x00000098dba00000) (1024K)]
  0x000001f1a1ed4880 ConcurrentGCThread "G1 Main Marker"            [id=72068, stack(0x00000098dba00000,0x00000098dbb00000) (1024K)]
  0x000001f1a1ed5380 WorkerThread "G1 Conc#0"                       [id=71884, stack(0x00000098dbb00000,0x00000098dbc00000) (1024K)]
  0x000001f1c06b20d0 ConcurrentGCThread "G1 Refine#0"               [id=72080, stack(0x00000098dbc00000,0x00000098dbd00000) (1024K)]
  0x000001f1c06b2c40 ConcurrentGCThread "G1 Service"                [id=71784, stack(0x00000098dbd00000,0x00000098dbe00000) (1024K)]
Total: 7

Threads with active compile tasks:
C2 CompilerThread0     8080 1458       4       java.awt.Container::getMouseEventTarget (50 bytes)
Total: 1

VM state: not at safepoint (normal execution)

VM Mutex/Monitor currently owned by a thread: None

Heap address: 0x000000008ce00000, size: 1842 MB, Compressed Oops mode: 32-bit

CDS archive(s) mapped at: [0x000001f1c1000000-0x000001f1c1c90000-0x000001f1c1c90000), size 13172736, SharedBaseAddress: 0x000001f1c1000000, ArchiveRelocationMode: 1.
Compressed class space mapped at: 0x000001f1c2000000-0x000001f202000000, reserved size: 1073741824
Narrow klass base: 0x000001f1c1000000, Narrow klass shift: 0, Narrow klass range: 0x100000000

GC Precious Log:
 CardTable entry size: 512
 Card Set container configuration: InlinePtr #cards 5 size 8 Array Of Cards #cards 12 size 40 Howl #buckets 4 coarsen threshold 1843 Howl Bitmap #cards 512 size 80 coarsen threshold 460 Card regions per heap region 1 cards per card region 2048
 CPUs: 12 total, 12 available
 Memory: 7365M
 Large Page Support: Disabled
 NUMA Support: Disabled
 Compressed Oops: Enabled (32-bit)
 Heap Region Size: 1M
 Heap Min Capacity: 8M
 Heap Initial Capacity: 116M
 Heap Max Capacity: 1842M
 Pre-touch: Disabled
 Parallel Workers: 10
 Concurrent Workers: 3
 Concurrent Refinement Workers: 10
 Periodic GC: Disabled

Heap:
 garbage-first heap   total 118784K, used 29696K [0x000000008ce00000, 0x0000000100000000)
  region size 1024K, 20 young (20480K), 0 survivors (0K)
 Metaspace       used 9837K, committed 10112K, reserved 1114112K
  class space    used 1074K, committed 1216K, reserved 1048576K

Heap Regions: E=young(eden), S=young(survivor), O=old, HS=humongous(starts), HC=humongous(continues), CS=collection set, F=free, TAMS=top-at-mark-start, PB=parsable bottom
|   0|0x000000008ce00000, 0x000000008cf00000, 0x000000008cf00000|100%|HS|  |TAMS 0x000000008ce00000| PB 0x000000008ce00000| Complete 
|   1|0x000000008cf00000, 0x000000008d000000, 0x000000008d000000|100%|HS|  |TAMS 0x000000008cf00000| PB 0x000000008cf00000| Complete 
|   2|0x000000008d000000, 0x000000008d100000, 0x000000008d100000|100%|HC|  |TAMS 0x000000008d000000| PB 0x000000008d000000| Complete 
|   3|0x000000008d100000, 0x000000008d200000, 0x000000008d200000|100%|HC|  |TAMS 0x000000008d100000| PB 0x000000008d100000| Complete 
|   4|0x000000008d200000, 0x000000008d300000, 0x000000008d300000|100%|HC|  |TAMS 0x000000008d200000| PB 0x000000008d200000| Complete 
|   5|0x000000008d300000, 0x000000008d400000, 0x000000008d400000|100%|HS|  |TAMS 0x000000008d300000| PB 0x000000008d300000| Complete 
|   6|0x000000008d400000, 0x000000008d500000, 0x000000008d500000|100%|HS|  |TAMS 0x000000008d400000| PB 0x000000008d400000| Complete 
|   7|0x000000008d500000, 0x000000008d600000, 0x000000008d600000|100%|HC|  |TAMS 0x000000008d500000| PB 0x000000008d500000| Complete 
|   8|0x000000008d600000, 0x000000008d700000, 0x000000008d700000|100%|HC|  |TAMS 0x000000008d600000| PB 0x000000008d600000| Complete 
|   9|0x000000008d700000, 0x000000008d800000, 0x000000008d800000|100%|HC|  |TAMS 0x000000008d700000| PB 0x000000008d700000| Complete 
|  10|0x000000008d800000, 0x000000008d800000, 0x000000008d900000|  0%| F|  |TAMS 0x000000008d800000| PB 0x000000008d800000| Untracked 
|  11|0x000000008d900000, 0x000000008d900000, 0x000000008da00000|  0%| F|  |TAMS 0x000000008d900000| PB 0x000000008d900000| Untracked 
|  12|0x000000008da00000, 0x000000008da00000, 0x000000008db00000|  0%| F|  |TAMS 0x000000008da00000| PB 0x000000008da00000| Untracked 
|  13|0x000000008db00000, 0x000000008db00000, 0x000000008dc00000|  0%| F|  |TAMS 0x000000008db00000| PB 0x000000008db00000| Untracked 
|  14|0x000000008dc00000, 0x000000008dc00000, 0x000000008dd00000|  0%| F|  |TAMS 0x000000008dc00000| PB 0x000000008dc00000| Untracked 
|  15|0x000000008dd00000, 0x000000008dd00000, 0x000000008de00000|  0%| F|  |TAMS 0x000000008dd00000| PB 0x000000008dd00000| Untracked 
|  16|0x000000008de00000, 0x000000008de00000, 0x000000008df00000|  0%| F|  |TAMS 0x000000008de00000| PB 0x000000008de00000| Untracked 
|  17|0x000000008df00000, 0x000000008df00000, 0x000000008e000000|  0%| F|  |TAMS 0x000000008df00000| PB 0x000000008df00000| Untracked 
|  18|0x000000008e000000, 0x000000008e000000, 0x000000008e100000|  0%| F|  |TAMS 0x000000008e000000| PB 0x000000008e000000| Untracked 
|  19|0x000000008e100000, 0x000000008e100000, 0x000000008e200000|  0%| F|  |TAMS 0x000000008e100000| PB 0x000000008e100000| Untracked 
|  20|0x000000008e200000, 0x000000008e200000, 0x000000008e300000|  0%| F|  |TAMS 0x000000008e200000| PB 0x000000008e200000| Untracked 
|  21|0x000000008e300000, 0x000000008e300000, 0x000000008e400000|  0%| F|  |TAMS 0x000000008e300000| PB 0x000000008e300000| Untracked 
|  22|0x000000008e400000, 0x000000008e400000, 0x000000008e500000|  0%| F|  |TAMS 0x000000008e400000| PB 0x000000008e400000| Untracked 
|  23|0x000000008e500000, 0x000000008e500000, 0x000000008e600000|  0%| F|  |TAMS 0x000000008e500000| PB 0x000000008e500000| Untracked 
|  24|0x000000008e600000, 0x000000008e600000, 0x000000008e700000|  0%| F|  |TAMS 0x000000008e600000| PB 0x000000008e600000| Untracked 
|  25|0x000000008e700000, 0x000000008e700000, 0x000000008e800000|  0%| F|  |TAMS 0x000000008e700000| PB 0x000000008e700000| Untracked 
|  26|0x000000008e800000, 0x000000008e800000, 0x000000008e900000|  0%| F|  |TAMS 0x000000008e800000| PB 0x000000008e800000| Untracked 
|  27|0x000000008e900000, 0x000000008e900000, 0x000000008ea00000|  0%| F|  |TAMS 0x000000008e900000| PB 0x000000008e900000| Untracked 
|  28|0x000000008ea00000, 0x000000008ea00000, 0x000000008eb00000|  0%| F|  |TAMS 0x000000008ea00000| PB 0x000000008ea00000| Untracked 
|  29|0x000000008eb00000, 0x000000008eb00000, 0x000000008ec00000|  0%| F|  |TAMS 0x000000008eb00000| PB 0x000000008eb00000| Untracked 
|  30|0x000000008ec00000, 0x000000008ec00000, 0x000000008ed00000|  0%| F|  |TAMS 0x000000008ec00000| PB 0x000000008ec00000| Untracked 
|  31|0x000000008ed00000, 0x000000008ed00000, 0x000000008ee00000|  0%| F|  |TAMS 0x000000008ed00000| PB 0x000000008ed00000| Untracked 
|  32|0x000000008ee00000, 0x000000008ee00000, 0x000000008ef00000|  0%| F|  |TAMS 0x000000008ee00000| PB 0x000000008ee00000| Untracked 
|  33|0x000000008ef00000, 0x000000008ef00000, 0x000000008f000000|  0%| F|  |TAMS 0x000000008ef00000| PB 0x000000008ef00000| Untracked 
|  34|0x000000008f000000, 0x000000008f000000, 0x000000008f100000|  0%| F|  |TAMS 0x000000008f000000| PB 0x000000008f000000| Untracked 
|  35|0x000000008f100000, 0x000000008f100000, 0x000000008f200000|  0%| F|  |TAMS 0x000000008f100000| PB 0x000000008f100000| Untracked 
|  36|0x000000008f200000, 0x000000008f200000, 0x000000008f300000|  0%| F|  |TAMS 0x000000008f200000| PB 0x000000008f200000| Untracked 
|  37|0x000000008f300000, 0x000000008f300000, 0x000000008f400000|  0%| F|  |TAMS 0x000000008f300000| PB 0x000000008f300000| Untracked 
|  38|0x000000008f400000, 0x000000008f400000, 0x000000008f500000|  0%| F|  |TAMS 0x000000008f400000| PB 0x000000008f400000| Untracked 
|  39|0x000000008f500000, 0x000000008f500000, 0x000000008f600000|  0%| F|  |TAMS 0x000000008f500000| PB 0x000000008f500000| Untracked 
|  40|0x000000008f600000, 0x000000008f600000, 0x000000008f700000|  0%| F|  |TAMS 0x000000008f600000| PB 0x000000008f600000| Untracked 
|  41|0x000000008f700000, 0x000000008f700000, 0x000000008f800000|  0%| F|  |TAMS 0x000000008f700000| PB 0x000000008f700000| Untracked 
|  42|0x000000008f800000, 0x000000008f800000, 0x000000008f900000|  0%| F|  |TAMS 0x000000008f800000| PB 0x000000008f800000| Untracked 
|  43|0x000000008f900000, 0x000000008f900000, 0x000000008fa00000|  0%| F|  |TAMS 0x000000008f900000| PB 0x000000008f900000| Untracked 
|  44|0x000000008fa00000, 0x000000008fa00000, 0x000000008fb00000|  0%| F|  |TAMS 0x000000008fa00000| PB 0x000000008fa00000| Untracked 
|  45|0x000000008fb00000, 0x000000008fb00000, 0x000000008fc00000|  0%| F|  |TAMS 0x000000008fb00000| PB 0x000000008fb00000| Untracked 
|  46|0x000000008fc00000, 0x000000008fc00000, 0x000000008fd00000|  0%| F|  |TAMS 0x000000008fc00000| PB 0x000000008fc00000| Untracked 
|  47|0x000000008fd00000, 0x000000008fd00000, 0x000000008fe00000|  0%| F|  |TAMS 0x000000008fd00000| PB 0x000000008fd00000| Untracked 
|  48|0x000000008fe00000, 0x000000008fe00000, 0x000000008ff00000|  0%| F|  |TAMS 0x000000008fe00000| PB 0x000000008fe00000| Untracked 
|  49|0x000000008ff00000, 0x000000008ff00000, 0x0000000090000000|  0%| F|  |TAMS 0x000000008ff00000| PB 0x000000008ff00000| Untracked 
|  50|0x0000000090000000, 0x0000000090000000, 0x0000000090100000|  0%| F|  |TAMS 0x0000000090000000| PB 0x0000000090000000| Untracked 
|  51|0x0000000090100000, 0x0000000090100000, 0x0000000090200000|  0%| F|  |TAMS 0x0000000090100000| PB 0x0000000090100000| Untracked 
|  52|0x0000000090200000, 0x0000000090200000, 0x0000000090300000|  0%| F|  |TAMS 0x0000000090200000| PB 0x0000000090200000| Untracked 
|  53|0x0000000090300000, 0x0000000090300000, 0x0000000090400000|  0%| F|  |TAMS 0x0000000090300000| PB 0x0000000090300000| Untracked 
|  54|0x0000000090400000, 0x0000000090400000, 0x0000000090500000|  0%| F|  |TAMS 0x0000000090400000| PB 0x0000000090400000| Untracked 
|  55|0x0000000090500000, 0x0000000090500000, 0x0000000090600000|  0%| F|  |TAMS 0x0000000090500000| PB 0x0000000090500000| Untracked 
|  56|0x0000000090600000, 0x0000000090600000, 0x0000000090700000|  0%| F|  |TAMS 0x0000000090600000| PB 0x0000000090600000| Untracked 
|  57|0x0000000090700000, 0x0000000090700000, 0x0000000090800000|  0%| F|  |TAMS 0x0000000090700000| PB 0x0000000090700000| Untracked 
|  58|0x0000000090800000, 0x0000000090800000, 0x0000000090900000|  0%| F|  |TAMS 0x0000000090800000| PB 0x0000000090800000| Untracked 
|  59|0x0000000090900000, 0x0000000090900000, 0x0000000090a00000|  0%| F|  |TAMS 0x0000000090900000| PB 0x0000000090900000| Untracked 
|  60|0x0000000090a00000, 0x0000000090a00000, 0x0000000090b00000|  0%| F|  |TAMS 0x0000000090a00000| PB 0x0000000090a00000| Untracked 
|  61|0x0000000090b00000, 0x0000000090b00000, 0x0000000090c00000|  0%| F|  |TAMS 0x0000000090b00000| PB 0x0000000090b00000| Untracked 
|  62|0x0000000090c00000, 0x0000000090c00000, 0x0000000090d00000|  0%| F|  |TAMS 0x0000000090c00000| PB 0x0000000090c00000| Untracked 
|  63|0x0000000090d00000, 0x0000000090d00000, 0x0000000090e00000|  0%| F|  |TAMS 0x0000000090d00000| PB 0x0000000090d00000| Untracked 
|  64|0x0000000090e00000, 0x0000000090e00000, 0x0000000090f00000|  0%| F|  |TAMS 0x0000000090e00000| PB 0x0000000090e00000| Untracked 
|  65|0x0000000090f00000, 0x0000000090f00000, 0x0000000091000000|  0%| F|  |TAMS 0x0000000090f00000| PB 0x0000000090f00000| Untracked 
|  66|0x0000000091000000, 0x0000000091000000, 0x0000000091100000|  0%| F|  |TAMS 0x0000000091000000| PB 0x0000000091000000| Untracked 
|  67|0x0000000091100000, 0x0000000091100000, 0x0000000091200000|  0%| F|  |TAMS 0x0000000091100000| PB 0x0000000091100000| Untracked 
|  68|0x0000000091200000, 0x0000000091200000, 0x0000000091300000|  0%| F|  |TAMS 0x0000000091200000| PB 0x0000000091200000| Untracked 
|  69|0x0000000091300000, 0x0000000091300000, 0x0000000091400000|  0%| F|  |TAMS 0x0000000091300000| PB 0x0000000091300000| Untracked 
|  70|0x0000000091400000, 0x0000000091400000, 0x0000000091500000|  0%| F|  |TAMS 0x0000000091400000| PB 0x0000000091400000| Untracked 
|  71|0x0000000091500000, 0x0000000091500000, 0x0000000091600000|  0%| F|  |TAMS 0x0000000091500000| PB 0x0000000091500000| Untracked 
|  72|0x0000000091600000, 0x0000000091600000, 0x0000000091700000|  0%| F|  |TAMS 0x0000000091600000| PB 0x0000000091600000| Untracked 
|  73|0x0000000091700000, 0x0000000091700000, 0x0000000091800000|  0%| F|  |TAMS 0x0000000091700000| PB 0x0000000091700000| Untracked 
|  74|0x0000000091800000, 0x0000000091800000, 0x0000000091900000|  0%| F|  |TAMS 0x0000000091800000| PB 0x0000000091800000| Untracked 
|  75|0x0000000091900000, 0x0000000091900000, 0x0000000091a00000|  0%| F|  |TAMS 0x0000000091900000| PB 0x0000000091900000| Untracked 
|  76|0x0000000091a00000, 0x0000000091a00000, 0x0000000091b00000|  0%| F|  |TAMS 0x0000000091a00000| PB 0x0000000091a00000| Untracked 
|  77|0x0000000091b00000, 0x0000000091b00000, 0x0000000091c00000|  0%| F|  |TAMS 0x0000000091b00000| PB 0x0000000091b00000| Untracked 
|  78|0x0000000091c00000, 0x0000000091c00000, 0x0000000091d00000|  0%| F|  |TAMS 0x0000000091c00000| PB 0x0000000091c00000| Untracked 
|  79|0x0000000091d00000, 0x0000000091d00000, 0x0000000091e00000|  0%| F|  |TAMS 0x0000000091d00000| PB 0x0000000091d00000| Untracked 
|  80|0x0000000091e00000, 0x0000000091e00000, 0x0000000091f00000|  0%| F|  |TAMS 0x0000000091e00000| PB 0x0000000091e00000| Untracked 
|  81|0x0000000091f00000, 0x0000000091f00000, 0x0000000092000000|  0%| F|  |TAMS 0x0000000091f00000| PB 0x0000000091f00000| Untracked 
|  82|0x0000000092000000, 0x0000000092000000, 0x0000000092100000|  0%| F|  |TAMS 0x0000000092000000| PB 0x0000000092000000| Untracked 
|  83|0x0000000092100000, 0x0000000092100000, 0x0000000092200000|  0%| F|  |TAMS 0x0000000092100000| PB 0x0000000092100000| Untracked 
|  84|0x0000000092200000, 0x0000000092200000, 0x0000000092300000|  0%| F|  |TAMS 0x0000000092200000| PB 0x0000000092200000| Untracked 
|  85|0x0000000092300000, 0x0000000092300000, 0x0000000092400000|  0%| F|  |TAMS 0x0000000092300000| PB 0x0000000092300000| Untracked 
|  86|0x0000000092400000, 0x0000000092400000, 0x0000000092500000|  0%| F|  |TAMS 0x0000000092400000| PB 0x0000000092400000| Untracked 
|  87|0x0000000092500000, 0x0000000092500000, 0x0000000092600000|  0%| F|  |TAMS 0x0000000092500000| PB 0x0000000092500000| Untracked 
|  88|0x0000000092600000, 0x0000000092600000, 0x0000000092700000|  0%| F|  |TAMS 0x0000000092600000| PB 0x0000000092600000| Untracked 
|  89|0x0000000092700000, 0x0000000092700000, 0x0000000092800000|  0%| F|  |TAMS 0x0000000092700000| PB 0x0000000092700000| Untracked 
|  90|0x0000000092800000, 0x0000000092800000, 0x0000000092900000|  0%| F|  |TAMS 0x0000000092800000| PB 0x0000000092800000| Untracked 
|  91|0x0000000092900000, 0x0000000092900000, 0x0000000092a00000|  0%| F|  |TAMS 0x0000000092900000| PB 0x0000000092900000| Untracked 
|  92|0x0000000092a00000, 0x0000000092a00000, 0x0000000092b00000|  0%| F|  |TAMS 0x0000000092a00000| PB 0x0000000092a00000| Untracked 
|  93|0x0000000092b00000, 0x0000000092b00000, 0x0000000092c00000|  0%| F|  |TAMS 0x0000000092b00000| PB 0x0000000092b00000| Untracked 
|  94|0x0000000092c00000, 0x0000000092c00000, 0x0000000092d00000|  0%| F|  |TAMS 0x0000000092c00000| PB 0x0000000092c00000| Untracked 
|  95|0x0000000092d00000, 0x0000000092d00000, 0x0000000092e00000|  0%| F|  |TAMS 0x0000000092d00000| PB 0x0000000092d00000| Untracked 
|  96|0x0000000092e00000, 0x0000000092e76450, 0x0000000092f00000| 46%| E|  |TAMS 0x0000000092e00000| PB 0x0000000092e00000| Complete 
|  97|0x0000000092f00000, 0x0000000093000000, 0x0000000093000000|100%| E|CS|TAMS 0x0000000092f00000| PB 0x0000000092f00000| Complete 
|  98|0x0000000093000000, 0x0000000093100000, 0x0000000093100000|100%| E|CS|TAMS 0x0000000093000000| PB 0x0000000093000000| Complete 
|  99|0x0000000093100000, 0x0000000093200000, 0x0000000093200000|100%| E|CS|TAMS 0x0000000093100000| PB 0x0000000093100000| Complete 
| 100|0x0000000093200000, 0x0000000093300000, 0x0000000093300000|100%| E|CS|TAMS 0x0000000093200000| PB 0x0000000093200000| Complete 
| 101|0x0000000093300000, 0x0000000093400000, 0x0000000093400000|100%| E|CS|TAMS 0x0000000093300000| PB 0x0000000093300000| Complete 
| 102|0x0000000093400000, 0x0000000093500000, 0x0000000093500000|100%| E|CS|TAMS 0x0000000093400000| PB 0x0000000093400000| Complete 
| 103|0x0000000093500000, 0x0000000093600000, 0x0000000093600000|100%| E|CS|TAMS 0x0000000093500000| PB 0x0000000093500000| Complete 
| 104|0x0000000093600000, 0x0000000093700000, 0x0000000093700000|100%| E|CS|TAMS 0x0000000093600000| PB 0x0000000093600000| Complete 
| 105|0x0000000093700000, 0x0000000093800000, 0x0000000093800000|100%| E|CS|TAMS 0x0000000093700000| PB 0x0000000093700000| Complete 
| 106|0x0000000093800000, 0x0000000093900000, 0x0000000093900000|100%| E|CS|TAMS 0x0000000093800000| PB 0x0000000093800000| Complete 
| 107|0x0000000093900000, 0x0000000093a00000, 0x0000000093a00000|100%| E|CS|TAMS 0x0000000093900000| PB 0x0000000093900000| Complete 
| 108|0x0000000093a00000, 0x0000000093b00000, 0x0000000093b00000|100%| E|CS|TAMS 0x0000000093a00000| PB 0x0000000093a00000| Complete 
| 109|0x0000000093b00000, 0x0000000093c00000, 0x0000000093c00000|100%| E|CS|TAMS 0x0000000093b00000| PB 0x0000000093b00000| Complete 
| 110|0x0000000093c00000, 0x0000000093d00000, 0x0000000093d00000|100%| E|CS|TAMS 0x0000000093c00000| PB 0x0000000093c00000| Complete 
| 111|0x0000000093d00000, 0x0000000093e00000, 0x0000000093e00000|100%| E|CS|TAMS 0x0000000093d00000| PB 0x0000000093d00000| Complete 
| 112|0x0000000093e00000, 0x0000000093f00000, 0x0000000093f00000|100%| E|CS|TAMS 0x0000000093e00000| PB 0x0000000093e00000| Complete 
| 113|0x0000000093f00000, 0x0000000094000000, 0x0000000094000000|100%| E|CS|TAMS 0x0000000093f00000| PB 0x0000000093f00000| Complete 
| 114|0x0000000094000000, 0x0000000094100000, 0x0000000094100000|100%| E|CS|TAMS 0x0000000094000000| PB 0x0000000094000000| Complete 
| 115|0x0000000094100000, 0x0000000094200000, 0x0000000094200000|100%| E|CS|TAMS 0x0000000094100000| PB 0x0000000094100000| Complete 

Card table byte_map: [0x000001f1bbaf0000,0x000001f1bbe90000] _byte_map_base: 0x000001f1bb689000

Marking Bits: (CMBitMap*) 0x000001f1a1ec57b0
 Bits: [0x000001f1bbe90000, 0x000001f1bdb58000)

Polling page: 0x000001f1aba90000

Metaspace:

Usage:
  Non-class:      8.56 MB used.
      Class:      1.05 MB used.
       Both:      9.61 MB used.

Virtual space:
  Non-class space:       64.00 MB reserved,       8.69 MB ( 14%) committed,  1 nodes.
      Class space:        1.00 GB reserved,       1.19 MB ( <1%) committed,  1 nodes.
             Both:        1.06 GB reserved,       9.88 MB ( <1%) committed. 

Chunk freelists:
   Non-Class:  7.00 MB
       Class:  14.75 MB
        Both:  21.75 MB

MaxMetaspaceSize: unlimited
CompressedClassSpaceSize: 1.00 GB
Initial GC threshold: 21.00 MB
Current GC threshold: 21.00 MB
CDS: on
 - commit_granule_bytes: 65536.
 - commit_granule_words: 8192.
 - virtual_space_node_default_size: 8388608.
 - enlarge_chunks_in_place: 1.
 - use_allocation_guard: 0.


Internal statistics:

num_allocs_failed_limit: 0.
num_arena_births: 168.
num_arena_deaths: 0.
num_vsnodes_births: 2.
num_vsnodes_deaths: 0.
num_space_committed: 158.
num_space_uncommitted: 0.
num_chunks_returned_to_freelist: 0.
num_chunks_taken_from_freelist: 233.
num_chunk_merges: 0.
num_chunk_splits: 132.
num_chunks_enlarged: 54.
num_inconsistent_stats: 0.

CodeHeap 'non-profiled nmethods': size=120000Kb used=492Kb max_used=492Kb free=119507Kb
 bounds [0x000001f1b3580000, 0x000001f1b37f0000, 0x000001f1baab0000]
CodeHeap 'profiled nmethods': size=120000Kb used=2604Kb max_used=2604Kb free=117395Kb
 bounds [0x000001f1abab0000, 0x000001f1abd40000, 0x000001f1b2fe0000]
CodeHeap 'non-nmethods': size=5760Kb used=1601Kb max_used=1618Kb free=4158Kb
 bounds [0x000001f1b2fe0000, 0x000001f1b3250000, 0x000001f1b3580000]
 total_blobs=2121 nmethods=1458 adapters=568
 compilation: enabled
              stopped_count=0, restarted_count=0
 full_count=0

Compilation events (20 events):
Event: 7.682 Thread 0x000001f1c0826390 nmethod 1449 0x000001f1b35f9d10 code [0x000001f1b35f9ea0, 0x000001f1b35f9f68]
Event: 7.682 Thread 0x000001f1c0826390 1450       1       java.awt.geom.AffineTransform::getScaleY (5 bytes)
Event: 7.682 Thread 0x000001f1c0826390 nmethod 1450 0x000001f1b35fa010 code [0x000001f1b35fa1a0, 0x000001f1b35fa268]
Event: 7.682 Thread 0x000001f1c0826390 1451       3       sun.java2d.StateTrackableDelegate$1::isCurrent (17 bytes)
Event: 7.682 Thread 0x000001f1c0826390 nmethod 1451 0x000001f1abd34290 code [0x000001f1abd34440, 0x000001f1abd345b0]
Event: 7.982 Thread 0x000001f1c0826390 1452       3       java.util.HashMap::putVal (300 bytes)
Event: 7.983 Thread 0x000001f1c0826390 nmethod 1452 0x000001f1abd34690 code [0x000001f1abd34960, 0x000001f1abd35b50]
Event: 7.989 Thread 0x000001f1c0823ee0 1453       4       java.awt.Component::getParent (5 bytes)
Event: 7.990 Thread 0x000001f1c0823ee0 nmethod 1453 0x000001f1b35fa310 code [0x000001f1b35fa4a0, 0x000001f1b35fa530]
Event: 8.014 Thread 0x000001f1c0823ee0 1454   !   4       sun.awt.AWTAutoShutdown::setToolkitBusy (124 bytes)
Event: 8.016 Thread 0x000001f1c0823ee0 nmethod 1454 0x000001f1b35fa610 code [0x000001f1b35fa7e0, 0x000001f1b35fada8]
Event: 8.019 Thread 0x000001f1c0826390 1455       3       sun.awt.AWTAccessor::getMouseEventAccessor (19 bytes)
Event: 8.020 Thread 0x000001f1c0826390 nmethod 1455 0x000001f1abd36010 code [0x000001f1abd36220, 0x000001f1abd366a8]
Event: 8.023 Thread 0x000001f1c0826390 1456       3       java.awt.LightweightDispatcher::retargetMouseEvent (372 bytes)
Event: 8.026 Thread 0x000001f1c0826390 nmethod 1456 0x000001f1abd36910 code [0x000001f1abd36d60, 0x000001f1abd39d18]
Event: 8.026 Thread 0x000001f1c0826390 1457       3       java.awt.event.MouseEvent$1::setCausedByTouchEvent (6 bytes)
Event: 8.026 Thread 0x000001f1c0826390 nmethod 1457 0x000001f1abd3aa90 code [0x000001f1abd3ac20, 0x000001f1abd3ad38]
Event: 8.035 Thread 0x000001f1c0823ee0 1458       4       java.awt.Container::getMouseEventTarget (50 bytes)
Event: 8.035 Thread 0x000001f1c0826390 1459       3       java.awt.event.InputEvent::consume (6 bytes)
Event: 8.036 Thread 0x000001f1c0826390 nmethod 1459 0x000001f1abd3ae10 code [0x000001f1abd3afa0, 0x000001f1abd3b0b0]

GC Heap History (0 events):
No events

Dll operation events (13 events):
Event: 0.012 Loaded shared library C:\Program Files\Java\jdk-21\bin\java.dll
Event: 0.045 Loaded shared library C:\Program Files\Java\jdk-21\bin\jsvml.dll
Event: 0.094 Loaded shared library C:\Program Files\Java\jdk-21\bin\zip.dll
Event: 0.099 Loaded shared library C:\Program Files\Java\jdk-21\bin\instrument.dll
Event: 0.108 Loaded shared library C:\Program Files\Java\jdk-21\bin\net.dll
Event: 0.111 Loaded shared library C:\Program Files\Java\jdk-21\bin\nio.dll
Event: 0.118 Loaded shared library C:\Program Files\Java\jdk-21\bin\zip.dll
Event: 0.133 Loaded shared library D:\App\IntelliJ IDEA 2023.3.6\bin\breakgen64.dll
Event: 0.144 Loaded shared library C:\Program Files\Java\jdk-21\bin\extnet.dll
Event: 0.153 Loaded shared library C:\Program Files\Java\jdk-21\bin\jimage.dll
Event: 0.176 Loaded shared library C:\Program Files\Java\jdk-21\bin\awt.dll
Event: 0.843 Loaded shared library C:\Program Files\Java\jdk-21\bin\freetype.dll
Event: 0.846 Loaded shared library C:\Program Files\Java\jdk-21\bin\fontmanager.dll

Deoptimization events (20 events):
Event: 3.897 Thread 0x000001f2107ac6f0 Uncommon trap: trap_request=0xffffffde fr.pc=0x000001f1b358f148 relative=0x00000000000001a8
Event: 3.897 Thread 0x000001f2107ac6f0 Uncommon trap: reason=class_check action=maybe_recompile pc=0x000001f1b358f148 method=java.lang.String.equals(Ljava/lang/Object;)Z @ 8 c2
Event: 3.897 Thread 0x000001f2107ac6f0 DEOPT PACKING pc=0x000001f1b358f148 sp=0x00000098ddbfe0c0
Event: 3.897 Thread 0x000001f2107ac6f0 DEOPT UNPACKING pc=0x000001f1b30346a2 sp=0x00000098ddbfe048 mode 2
Event: 3.997 Thread 0x000001f2107ac6f0 Uncommon trap: trap_request=0xffffffde fr.pc=0x000001f1b358f148 relative=0x00000000000001a8
Event: 3.997 Thread 0x000001f2107ac6f0 Uncommon trap: reason=class_check action=maybe_recompile pc=0x000001f1b358f148 method=java.lang.String.equals(Ljava/lang/Object;)Z @ 8 c2
Event: 3.997 Thread 0x000001f2107ac6f0 DEOPT PACKING pc=0x000001f1b358f148 sp=0x00000098ddbfe090
Event: 3.997 Thread 0x000001f2107ac6f0 DEOPT UNPACKING pc=0x000001f1b30346a2 sp=0x00000098ddbfe018 mode 2
Event: 4.286 Thread 0x000001f2107ac6f0 Uncommon trap: trap_request=0xffffffde fr.pc=0x000001f1b358f148 relative=0x00000000000001a8
Event: 4.286 Thread 0x000001f2107ac6f0 Uncommon trap: reason=class_check action=maybe_recompile pc=0x000001f1b358f148 method=java.lang.String.equals(Ljava/lang/Object;)Z @ 8 c2
Event: 4.286 Thread 0x000001f2107ac6f0 DEOPT PACKING pc=0x000001f1b358f148 sp=0x00000098ddbfdc00
Event: 4.286 Thread 0x000001f2107ac6f0 DEOPT UNPACKING pc=0x000001f1b30346a2 sp=0x00000098ddbfdb88 mode 2
Event: 4.286 Thread 0x000001f2107ac6f0 Uncommon trap: trap_request=0xffffffde fr.pc=0x000001f1b358f148 relative=0x00000000000001a8
Event: 4.286 Thread 0x000001f2107ac6f0 Uncommon trap: reason=class_check action=maybe_recompile pc=0x000001f1b358f148 method=java.lang.String.equals(Ljava/lang/Object;)Z @ 8 c2
Event: 4.286 Thread 0x000001f2107ac6f0 DEOPT PACKING pc=0x000001f1b358f148 sp=0x00000098ddbfdc00
Event: 4.286 Thread 0x000001f2107ac6f0 DEOPT UNPACKING pc=0x000001f1b30346a2 sp=0x00000098ddbfdb88 mode 2
Event: 6.142 Thread 0x000001f2107ac6f0 Uncommon trap: trap_request=0xffffff45 fr.pc=0x000001f1b35a9748 relative=0x0000000000000928
Event: 6.142 Thread 0x000001f2107ac6f0 Uncommon trap: reason=unstable_if action=reinterpret pc=0x000001f1b35a9748 method=java.util.HashMap.putVal(ILjava/lang/Object;Ljava/lang/Object;ZZ)Ljava/lang/Object; @ 181 c2
Event: 6.142 Thread 0x000001f2107ac6f0 DEOPT PACKING pc=0x000001f1b35a9748 sp=0x00000098ddbfde70
Event: 6.142 Thread 0x000001f2107ac6f0 DEOPT UNPACKING pc=0x000001f1b30346a2 sp=0x00000098ddbfde10 mode 2

Classes loaded (20 events):
Event: 4.293 Loading class javax/swing/text/AbstractDocument$UndoRedoDocumentEvent
Event: 4.293 Loading class javax/swing/text/AbstractDocument$UndoRedoDocumentEvent done
Event: 4.293 Loading class javax/swing/text/DefaultCaret$1
Event: 4.294 Loading class javax/swing/text/DefaultCaret$1 done
Event: 4.294 Loading class javax/swing/event/UndoableEditEvent
Event: 4.294 Loading class javax/swing/event/UndoableEditEvent done
Event: 4.294 Loading class javax/swing/text/AbstractDocument$DefaultDocumentEventUndoableWrapper
Event: 4.295 Loading class sun/swing/text/UndoableEditLockSupport
Event: 4.295 Loading class sun/swing/text/UndoableEditLockSupport done
Event: 4.295 Loading class javax/swing/text/AbstractDocument$DefaultDocumentEventUndoableWrapper done
Event: 4.295 Loading class javax/swing/event/UndoableEditListener
Event: 4.295 Loading class javax/swing/event/UndoableEditListener done
Event: 4.295 Loading class javax/swing/RepaintManager$3
Event: 4.295 Loading class javax/swing/RepaintManager$3 done
Event: 4.297 Loading class java/awt/print/PrinterGraphics
Event: 4.297 Loading class java/awt/print/PrinterGraphics done
Event: 4.297 Loading class java/awt/PrintGraphics
Event: 4.298 Loading class java/awt/PrintGraphics done
Event: 4.298 Loading class sun/java2d/loops/FontInfo
Event: 4.298 Loading class sun/java2d/loops/FontInfo done

Classes unloaded (0 events):
No events

Classes redefined (0 events):
No events

Internal exceptions (16 events):
Event: 0.120 Thread 0x000001f1a1e714c0 Exception <a 'java/lang/NoSuchMethodError'{0x0000000093f36d88}: 'void java.lang.invoke.DirectMethodHandle$Holder.invokeStatic(java.lang.Object, java.lang.Object, java.lang.Object)'> (0x0000000093f36d88) 
thrown [s\open\src\hotspot\share\interpreter\linkResolver.cpp, line 773]
Event: 0.125 Thread 0x000001f1a1e714c0 Exception <a 'java/lang/NoSuchMethodError'{0x0000000093f4e290}: 'java.lang.Object java.lang.invoke.Invokers$Holder.invokeExact_MT(java.lang.Object, java.lang.Object, java.lang.Object, java.lang.Object, java.lang.Object)'> (0x0000000093f4e290) 
thrown [s\open\src\hotspot\share\interpreter\linkResolver.cpp, line 773]
Event: 0.145 Thread 0x000001f1c0b75bc0 Exception <a 'java/lang/NoSuchMethodError'{0x0000000093f7eee8}: 'void java.lang.invoke.DirectMethodHandle$Holder.invokeStatic(java.lang.Object, java.lang.Object)'> (0x0000000093f7eee8) 
thrown [s\open\src\hotspot\share\interpreter\linkResolver.cpp, line 773]
Event: 0.159 Thread 0x000001f1a1e714c0 Exception <a 'java/lang/ClassNotFoundException'{0x0000000093ff1d18}: sun/awt/resources/spi/awtProvider> (0x0000000093ff1d18) 
thrown [s\open\src\hotspot\share\classfile\systemDictionary.cpp, line 312]
Event: 0.188 Thread 0x000001f1a1e714c0 Exception <a 'java/io/FileNotFoundException'{0x0000000093e44700}> (0x0000000093e44700) 
thrown [s\open\src\hotspot\share\prims\jni.cpp, line 520]
Event: 0.195 Thread 0x000001f1a1e714c0 Exception <a 'java/io/FileNotFoundException'{0x0000000093e6e508}> (0x0000000093e6e508) 
thrown [s\open\src\hotspot\share\prims\jni.cpp, line 520]
Event: 0.440 Thread 0x000001f1a1e714c0 Exception <a 'java/lang/NoSuchMethodError'{0x0000000093d8d1c0}: 'void java.lang.invoke.DirectMethodHandle$Holder.invokeSpecial(java.lang.Object, java.lang.Object, java.lang.Object)'> (0x0000000093d8d1c0) 
thrown [s\open\src\hotspot\share\interpreter\linkResolver.cpp, line 773]
Event: 0.449 Thread 0x000001f1a1e714c0 Exception <a 'java/lang/NoSuchMethodError'{0x0000000093db2840}: 'java.lang.Object java.lang.invoke.DirectMethodHandle$Holder.newInvokeSpecial(java.lang.Object, java.lang.Object, java.lang.Object, java.lang.Object, java.lang.Object)'> (0x0000000093db2840) 
thrown [s\open\src\hotspot\share\interpreter\linkResolver.cpp, line 773]
Event: 0.453 Thread 0x000001f1a1e714c0 Exception <a 'java/lang/NoSuchMethodError'{0x0000000093dde1c8}: 'java.lang.Object java.lang.invoke.DirectMethodHandle$Holder.invokeStatic(java.lang.Object, int, java.lang.Object)'> (0x0000000093dde1c8) 
thrown [s\open\src\hotspot\share\interpreter\linkResolver.cpp, line 773]
Event: 0.470 Thread 0x000001f1a1e714c0 Exception <a 'java/lang/ClassNotFoundException'{0x0000000093c7dac0}: com/sun/swing/internal/plaf/metal/resources/spi/metalProvider> (0x0000000093c7dac0) 
thrown [s\open\src\hotspot\share\classfile\systemDictionary.cpp, line 312]
Event: 0.471 Thread 0x000001f1a1e714c0 Exception <a 'java/lang/ClassNotFoundException'{0x0000000093c819d0}: com/sun/swing/internal/plaf/basic/resources/spi/basicProvider> (0x0000000093c819d0) 
thrown [s\open\src\hotspot\share\classfile\systemDictionary.cpp, line 312]
Event: 0.483 Thread 0x000001f1a1e714c0 Exception <a 'java/lang/NoSuchMethodError'{0x0000000093c9dac0}: 'int java.lang.invoke.Invokers$Holder.invokeExact_MT(java.lang.Object, java.lang.Object)'> (0x0000000093c9dac0) 
thrown [s\open\src\hotspot\share\interpreter\linkResolver.cpp, line 773]
Event: 0.602 Thread 0x000001f206919fd0 Exception <a 'java/lang/NoSuchMethodError'{0x0000000093906e58}: 'java.lang.Object java.lang.invoke.DirectMethodHandle$Holder.newInvokeSpecial(java.lang.Object, java.lang.Object, java.lang.Object, int, int, int, int, int)'> (0x0000000093906e58) 
thrown [s\open\src\hotspot\share\interpreter\linkResolver.cpp, line 773]
Event: 0.808 Thread 0x000001f1c0cb8e70 Exception <a 'java/lang/NoSuchMethodError'{0x0000000093d0eb90}: 'void java.lang.invoke.DirectMethodHandle$Holder.invokeVirtual(java.lang.Object, java.lang.Object)'> (0x0000000093d0eb90) 
thrown [s\open\src\hotspot\share\interpreter\linkResolver.cpp, line 773]
Event: 0.835 Thread 0x000001f1a1e714c0 Exception <a 'java/lang/NoSuchMethodError'{0x00000000935420a0}: 'void java.lang.invoke.DirectMethodHandle$Holder.invokeStaticInit(java.lang.Object)'> (0x00000000935420a0) 
thrown [s\open\src\hotspot\share\interpreter\linkResolver.cpp, line 773]
Event: 1.064 Thread 0x000001f1c0819880 Exception <a 'java/lang/NoSuchMethodError'{0x00000000930aebb0}: 'java.lang.Object java.lang.invoke.Invokers$Holder.invokeExact_MT(java.lang.Object, java.lang.Object, java.lang.Object, java.lang.Object, java.lang.Object, java.lang.Object)'> (0x00000000930aebb0) 
thrown [s\open\src\hotspot\share\interpreter\linkResolver.cpp, line 773]

ZGC Phase Switch (0 events):
No events

VM Operations (20 events):
Event: 0.581 Executing VM operation: HandshakeAllThreads (Deoptimize)
Event: 0.581 Executing VM operation: HandshakeAllThreads (Deoptimize) done
Event: 0.905 Executing VM operation: HandshakeAllThreads (Deoptimize)
Event: 0.905 Executing VM operation: HandshakeAllThreads (Deoptimize) done
Event: 0.928 Executing VM operation: HandshakeAllThreads (Deoptimize)
Event: 0.928 Executing VM operation: HandshakeAllThreads (Deoptimize) done
Event: 1.936 Executing VM operation: Cleanup
Event: 1.936 Executing VM operation: Cleanup done
Event: 2.951 Executing VM operation: Cleanup
Event: 2.951 Executing VM operation: Cleanup done
Event: 3.959 Executing VM operation: Cleanup
Event: 3.959 Executing VM operation: Cleanup done
Event: 4.968 Executing VM operation: Cleanup
Event: 4.969 Executing VM operation: Cleanup done
Event: 5.979 Executing VM operation: Cleanup
Event: 5.979 Executing VM operation: Cleanup done
Event: 6.990 Executing VM operation: Cleanup
Event: 6.990 Executing VM operation: Cleanup done
Event: 7.992 Executing VM operation: Cleanup
Event: 7.992 Executing VM operation: Cleanup done

Events (20 events):
Event: 0.043 Thread 0x000001f1c0819880 Thread added: 0x000001f1c0819880
Event: 0.043 Thread 0x000001f1c081cc40 Thread added: 0x000001f1c081cc40
Event: 0.043 Thread 0x000001f1c081f380 Thread added: 0x000001f1c081f380
Event: 0.043 Thread 0x000001f1c0823ee0 Thread added: 0x000001f1c0823ee0
Event: 0.043 Thread 0x000001f1c0826390 Thread added: 0x000001f1c0826390
Event: 0.069 Thread 0x000001f1c07dcb90 Thread added: 0x000001f1c07dcb90
Event: 0.134 Thread 0x000001f1c0b75bc0 Thread added: 0x000001f1c0b75bc0
Event: 0.134 Thread 0x000001f1c0b38310 Thread added: 0x000001f1c0b38310
Event: 0.273 Thread 0x000001f1c0c9ab00 Thread added: 0x000001f1c0c9ab00
Event: 0.275 Thread 0x000001f1c0cb3090 Thread added: 0x000001f1c0cb3090
Event: 0.276 Thread 0x000001f1c0cb8e70 Thread added: 0x000001f1c0cb8e70
Event: 0.549 Thread 0x000001f206919fd0 Thread added: 0x000001f206919fd0
Event: 0.681 Thread 0x000001f2107ac6f0 Thread added: 0x000001f2107ac6f0
Event: 0.698 Thread 0x000001f210546860 Thread added: 0x000001f210546860
Event: 0.944 Thread 0x000001f1a1e714c0 Thread exited: 0x000001f1a1e714c0
Event: 0.944 Thread 0x000001f1a1e714c0 Thread added: 0x000001f1a1e714c0
Event: 0.947 Thread 0x000001f210b6acb0 Thread added: 0x000001f210b6acb0
Event: 0.995 Thread 0x000001f210546860 Thread exited: 0x000001f210546860
Event: 1.056 Thread 0x000001f211b56850 Thread added: 0x000001f211b56850
Event: 5.793 Thread 0x000001f206919fd0 Thread exited: 0x000001f206919fd0


Dynamic libraries:
0x00007ff7cee50000 - 0x00007ff7cee60000 	C:\Program Files\Java\jdk-21\bin\java.exe
0x00007ff811ad0000 - 0x00007ff811ce7000 	C:\Windows\SYSTEM32\ntdll.dll
0x00007ff810910000 - 0x00007ff8109d4000 	C:\Windows\System32\KERNEL32.DLL
0x00007ff80ee20000 - 0x00007ff80f1c7000 	C:\Windows\System32\KERNELBASE.dll
0x00007ff80f1d0000 - 0x00007ff80f2e1000 	C:\Windows\System32\ucrtbase.dll
0x00007fffe57e0000 - 0x00007fffe57fb000 	C:\Program Files\Java\jdk-21\bin\VCRUNTIME140.dll
0x00007fffe60b0000 - 0x00007fffe60c9000 	C:\Program Files\Java\jdk-21\bin\jli.dll
0x00007ff810fd0000 - 0x00007ff811082000 	C:\Windows\System32\ADVAPI32.dll
0x00007ff8117e0000 - 0x00007ff811887000 	C:\Windows\System32\msvcrt.dll
0x00007ff8109e0000 - 0x00007ff810a88000 	C:\Windows\System32\sechost.dll
0x00007ff80edf0000 - 0x00007ff80ee18000 	C:\Windows\System32\bcrypt.dll
0x00007ff811970000 - 0x00007ff811a85000 	C:\Windows\System32\RPCRT4.dll
0x00007ff810420000 - 0x00007ff8105ce000 	C:\Windows\System32\USER32.dll
0x00007ff80f5c0000 - 0x00007ff80f5e6000 	C:\Windows\System32\win32u.dll
0x00007ff8027e0000 - 0x00007ff802a73000 	C:\Windows\WinSxS\amd64_microsoft.windows.common-controls_6595b64144ccf1df_6.0.22621.3527_none_270e469b73872a76\COMCTL32.dll
0x00007ff811190000 - 0x00007ff8111b9000 	C:\Windows\System32\GDI32.dll
0x00007ff80f2f0000 - 0x00007ff80f409000 	C:\Windows\System32\gdi32full.dll
0x00007ff80f5f0000 - 0x00007ff80f68a000 	C:\Windows\System32\msvcp_win.dll
0x00007ff808540000 - 0x00007ff80854a000 	C:\Windows\SYSTEM32\VERSION.dll
0x00007ff810e20000 - 0x00007ff810e51000 	C:\Windows\System32\IMM32.DLL
0x00007fffe88a0000 - 0x00007fffe88ac000 	C:\Program Files\Java\jdk-21\bin\vcruntime140_1.dll
0x00007fffc1980000 - 0x00007fffc1a0e000 	C:\Program Files\Java\jdk-21\bin\msvcp140.dll
0x00007fffa21f0000 - 0x00007fffa2f07000 	C:\Program Files\Java\jdk-21\bin\server\jvm.dll
0x00007ff8111c0000 - 0x00007ff811231000 	C:\Windows\System32\WS2_32.dll
0x00007ff80ecb0000 - 0x00007ff80ecfd000 	C:\Windows\SYSTEM32\POWRPROF.dll
0x00007ff8051d0000 - 0x00007ff805204000 	C:\Windows\SYSTEM32\WINMM.dll
0x00007ff80ec90000 - 0x00007ff80eca3000 	C:\Windows\SYSTEM32\UMPDC.dll
0x00007ff80dde0000 - 0x00007ff80ddf8000 	C:\Windows\SYSTEM32\kernel.appcore.dll
0x00007fffe6320000 - 0x00007fffe632a000 	C:\Program Files\Java\jdk-21\bin\jimage.dll
0x00007ff806c30000 - 0x00007ff806e62000 	C:\Windows\SYSTEM32\DBGHELP.DLL
0x00007ff810a90000 - 0x00007ff810e18000 	C:\Windows\System32\combase.dll
0x00007ff810e90000 - 0x00007ff810f67000 	C:\Windows\System32\OLEAUT32.dll
0x00007ff807b70000 - 0x00007ff807ba2000 	C:\Windows\SYSTEM32\dbgcore.DLL
0x00007ff80f480000 - 0x00007ff80f4f9000 	C:\Windows\System32\bcryptPrimitives.dll
0x00007ff80be10000 - 0x00007ff80be1f000 	C:\Program Files\Java\jdk-21\bin\instrument.dll
0x00007fffe57c0000 - 0x00007fffe57df000 	C:\Program Files\Java\jdk-21\bin\java.dll
0x00007ff80f9c0000 - 0x00007ff81021c000 	C:\Windows\System32\SHELL32.dll
0x00007ff80cce0000 - 0x00007ff80d5d6000 	C:\Windows\SYSTEM32\windows.storage.dll
0x00007ff80cba0000 - 0x00007ff80ccde000 	C:\Windows\SYSTEM32\wintypes.dll
0x00007ff8116d0000 - 0x00007ff8117c5000 	C:\Windows\System32\SHCORE.dll
0x00007ff811890000 - 0x00007ff8118ee000 	C:\Windows\System32\shlwapi.dll
0x00007ff80ed20000 - 0x00007ff80ed41000 	C:\Windows\SYSTEM32\profapi.dll
0x00007fffbd5d0000 - 0x00007fffbd6a7000 	C:\Program Files\Java\jdk-21\bin\jsvml.dll
0x00007fffd51f0000 - 0x00007fffd5208000 	C:\Program Files\Java\jdk-21\bin\zip.dll
0x00007fffe5fe0000 - 0x00007fffe5ff0000 	C:\Program Files\Java\jdk-21\bin\net.dll
0x00007ff809910000 - 0x00007ff809a46000 	C:\Windows\SYSTEM32\WINHTTP.dll
0x00007ff80e250000 - 0x00007ff80e2b9000 	C:\Windows\system32\mswsock.dll
0x00007fffd52a0000 - 0x00007fffd52b6000 	C:\Program Files\Java\jdk-21\bin\nio.dll
0x00007fffe87c0000 - 0x00007fffe87da000 	D:\App\IntelliJ IDEA 2023.3.6\bin\breakgen64.dll
0x00007fffdf2d0000 - 0x00007fffdf2d9000 	C:\Program Files\Java\jdk-21\bin\extnet.dll
0x00007fffc5320000 - 0x00007fffc54af000 	C:\Program Files\Java\jdk-21\bin\awt.dll
0x00007ff80c110000 - 0x00007ff80c1a7000 	C:\Windows\SYSTEM32\apphelp.dll
0x00007ff80c530000 - 0x00007ff80c55b000 	C:\Windows\system32\DWMAPI.DLL
0x00007ff80c280000 - 0x00007ff80c32b000 	C:\Windows\system32\uxtheme.dll
0x00007fffb83f0000 - 0x00007fffb84f0000 	C:\Windows\system32\opengl32.dll
0x00007fffd5100000 - 0x00007fffd512d000 	C:\Windows\SYSTEM32\GLU32.dll
0x00007ff80c3c0000 - 0x00007ff80c3f9000 	C:\Windows\SYSTEM32\dxcore.dll
0x00007ff8106b0000 - 0x00007ff810803000 	C:\Windows\System32\MSCTF.dll
0x00007ff810220000 - 0x00007ff8103c5000 	C:\Windows\System32\ole32.dll
0x00007fffbba20000 - 0x00007fffbbbc9000 	C:\Windows\system32\d3d9.dll
0x00007fffa47b0000 - 0x00007fffa77d7000 	C:\Windows\System32\DriverStore\FileRepository\u0403196.inf_amd64_d0c41aa30f8bcfb2\B402774\amdxn64.dll
0x00007ff811250000 - 0x00007ff8116c4000 	C:\Windows\System32\SETUPAPI.dll
0x00007ff80c400000 - 0x00007ff80c4f7000 	C:\Windows\SYSTEM32\dxgi.dll
0x00007ff8042d0000 - 0x00007ff804307000 	C:\Windows\System32\DriverStore\FileRepository\u0403196.inf_amd64_d0c41aa30f8bcfb2\B402774\amdihk64.dll
0x00007ff808d90000 - 0x00007ff808dda000 	C:\Windows\SYSTEM32\directxdatabasehelper.dll
0x00007ff80d870000 - 0x00007ff80d968000 	C:\Windows\SYSTEM32\DNSAPI.dll
0x00007ff80d840000 - 0x00007ff80d86d000 	C:\Windows\SYSTEM32\IPHLPAPI.DLL
0x00007ff810e80000 - 0x00007ff810e89000 	C:\Windows\System32\NSI.dll
0x00007ff805450000 - 0x00007ff80545a000 	C:\Windows\System32\rasadhlp.dll
0x00007ff8056c0000 - 0x00007ff805743000 	C:\Windows\System32\fwpuclnt.dll
0x00007ff8002b0000 - 0x00007ff800337000 	C:\Program Files\Java\jdk-21\bin\freetype.dll
0x00007fffcbf20000 - 0x00007fffcc002000 	C:\Program Files\Java\jdk-21\bin\fontmanager.dll
0x00007ff810600000 - 0x00007ff8106b0000 	C:\Windows\System32\clbcatq.dll
0x00007ff80aa10000 - 0x00007ff80abc0000 	C:\Windows\SYSTEM32\WindowsCodecs.dll
0x00007ffffa080000 - 0x00007ffffa0de000 	C:\Windows\system32\dataexchange.dll
0x00007ff806730000 - 0x00007ff8069bb000 	C:\Windows\system32\twinapi.appcore.dll
0x00007ffff50d0000 - 0x00007ffff521b000 	C:\Windows\SYSTEM32\textinputframework.dll
0x00007ff80be20000 - 0x00007ff80bf53000 	C:\Windows\SYSTEM32\CoreMessaging.dll
0x00007ff807cd0000 - 0x00007ff80803c000 	C:\Windows\SYSTEM32\CoreUIComponents.dll
0x00007ff80e4c0000 - 0x00007ff80e4cc000 	C:\Windows\SYSTEM32\CRYPTBASE.DLL

dbghelp: loaded successfully - version: 4.0.5 - missing functions: none
symbol engine: initialized successfully - sym options: 0x614 - pdb path: .;C:\Program Files\Java\jdk-21\bin;C:\Windows\SYSTEM32;C:\Windows\WinSxS\amd64_microsoft.windows.common-controls_6595b64144ccf1df_6.0.22621.3527_none_270e469b73872a76;C:\Program Files\Java\jdk-21\bin\server;D:\App\IntelliJ IDEA 2023.3.6\bin;C:\Windows\System32\DriverStore\FileRepository\u0403196.inf_amd64_d0c41aa30f8bcfb2\B402774

VM Arguments:
jvm_args: -javaagent:D:\App\IntelliJ IDEA 2023.3.6\lib\idea_rt.jar=57187:D:\App\IntelliJ IDEA 2023.3.6\bin -Dfile.encoding=UTF-8 -Dsun.stdout.encoding=UTF-8 -Dsun.stderr.encoding=UTF-8 
java_command: main.Main
java_class_path (initial): E:\Study\Java\DoAn\mini-island-2d\out\production\mini-island-2d
Launcher Type: SUN_STANDARD

[Global flags]
     intx CICompilerCount                          = 4                                         {product} {ergonomic}
     uint ConcGCThreads                            = 3                                         {product} {ergonomic}
     uint G1ConcRefinementThreads                  = 10                                        {product} {ergonomic}
   size_t G1HeapRegionSize                         = 1048576                                   {product} {ergonomic}
    uintx GCDrainStackTargetSize                   = 64                                        {product} {ergonomic}
   size_t InitialHeapSize                          = 121634816                                 {product} {ergonomic}
   size_t MarkStackSize                            = 4194304                                   {product} {ergonomic}
   size_t MaxHeapSize                              = 1931476992                                {product} {ergonomic}
   size_t MaxNewSize                               = 1158676480                                {product} {ergonomic}
   size_t MinHeapDeltaBytes                        = 1048576                                   {product} {ergonomic}
   size_t MinHeapSize                              = 8388608                                   {product} {ergonomic}
    uintx NonNMethodCodeHeapSize                   = 5839372                                {pd product} {ergonomic}
    uintx NonProfiledCodeHeapSize                  = 122909434                              {pd product} {ergonomic}
    uintx ProfiledCodeHeapSize                     = 122909434                              {pd product} {ergonomic}
    uintx ReservedCodeCacheSize                    = 251658240                              {pd product} {ergonomic}
     bool SegmentedCodeCache                       = true                                      {product} {ergonomic}
   size_t SoftMaxHeapSize                          = 1931476992                             {manageable} {ergonomic}
     bool UseCompressedOops                        = true                           {product lp64_product} {ergonomic}
     bool UseG1GC                                  = true                                      {product} {ergonomic}
     bool UseLargePagesIndividualAllocation        = false                                  {pd product} {ergonomic}

Logging:
Log output configuration:
 #0: stdout all=warning uptime,level,tags foldmultilines=false
 #1: stderr all=off uptime,level,tags foldmultilines=false

Environment Variables:
PATH=C:\ProgramData\Oracle\Java\javapath;C:\Program Files\Eclipse Adoptium\jdk-21.0.2.13-hotspot\bin;C:\msys64\ucrt64\bin;C:\Program Files\Common Files\Oracle\Java\javapath;C:\Windows\system32;C:\Windows;C:\Windows\System32\Wbem;C:\Windows\System32\WindowsPowerShell\v1.0\;C:\Windows\System32\OpenSSH\;C:\Program Files\Git\cmd;C:\gradle\gradle-8.7\bin;C:\Program Files\Cloudflare\Cloudflare WARP\;C:\Users\duong\AppData\Local\Microsoft\WindowsApps;D:\App\IntelliJ IDEA 2023.3.6\bin;;D:\App\Microsoft VS Code\bin;D:\App\CLion 2023.3.4\bin;;C:\msys64\ucrt64\bin;
USERNAME=duong
OS=Windows_NT
PROCESSOR_IDENTIFIER=AMD64 Family 25 Model 68 Stepping 1, AuthenticAMD
TMP=C:\Users\duong\AppData\Local\Temp
TEMP=C:\Users\duong\AppData\Local\Temp




Periodic native trim disabled

---------------  S Y S T E M  ---------------

OS:
 Windows 11 , 64 bit Build 22621 (10.0.22621.3527)
OS uptime: 0 days 22:23 hours
Hyper-V role detected

CPU: total 12 (initial active 12) (12 cores per cpu, 2 threads per core) family 25 model 68 stepping 1 microcode 0x0, cx8, cmov, fxsr, ht, mmx, 3dnowpref, sse, sse2, sse3, ssse3, sse4a, sse4.1, sse4.2, popcnt, lzcnt, tsc, tscinvbit, avx, avx2, aes, erms, clmul, bmi1, bmi2, adx, sha, fma, vzeroupper, clflush, clflushopt, hv, rdtscp, rdpid, fsrm, f16c, cet_ss
Processor Information for processor 0
  Max Mhz: 3301, Current Mhz: 3301, Mhz Limit: 3301
Processor Information for processor 1
  Max Mhz: 3301, Current Mhz: 2635, Mhz Limit: 3301
Processor Information for processor 2
  Max Mhz: 3301, Current Mhz: 3301, Mhz Limit: 3301
Processor Information for processor 3
  Max Mhz: 3301, Current Mhz: 3301, Mhz Limit: 3301
Processor Information for processor 4
  Max Mhz: 3301, Current Mhz: 3301, Mhz Limit: 3301
Processor Information for processor 5
  Max Mhz: 3301, Current Mhz: 2635, Mhz Limit: 3301
Processor Information for processor 6
  Max Mhz: 3301, Current Mhz: 2635, Mhz Limit: 3301
Processor Information for processor 7
  Max Mhz: 3301, Current Mhz: 3301, Mhz Limit: 3301
Processor Information for processor 8
  Max Mhz: 3301, Current Mhz: 2635, Mhz Limit: 3301
Processor Information for processor 9
  Max Mhz: 3301, Current Mhz: 2635, Mhz Limit: 3301
Processor Information for processor 10
  Max Mhz: 3301, Current Mhz: 3301, Mhz Limit: 3301
Processor Information for processor 11
  Max Mhz: 3301, Current Mhz: 3301, Mhz Limit: 3301

Memory: 4k page, system-wide physical 7365M (384M free)
TotalPageFile size 15461M (AvailPageFile size 0M)
current process WorkingSet (physical memory assigned to process): 149M, peak: 159M
current process commit charge ("private bytes"): 294M, peak: 304M

vm_info: Java HotSpot(TM) 64-Bit Server VM (21.0.2+13-LTS-58) for windows-amd64 JRE (21.0.2+13-LTS-58), built on 2024-01-05T18:32:24Z by "mach5one" with MS VC++ 17.1 (VS2022)

END.
